{
  "stats": {
    "suites": 9,
    "tests": 9,
    "passes": 9,
    "pending": 0,
    "failures": 0,
    "start": "2022-11-29T14:07:58.465Z",
    "end": "2022-11-29T14:07:59.520Z",
    "duration": 1055,
    "testsRegistered": 9,
    "passPercent": 100,
    "pendingPercent": 0,
    "other": 0,
    "hasOther": false,
    "skipped": 0,
    "hasSkipped": false
  },
  "results": [
    {
      "uuid": "f1e6c7bf-261b-41a2-bbc8-4b31ba9e7d1c",
      "title": "",
      "fullFile": "",
      "file": "",
      "beforeHooks": [],
      "afterHooks": [
        {
          "title": "\"after all\" hook in \"{root}\"",
          "fullTitle": "\"after all\" hook in \"{root}\"",
          "timedOut": false,
          "duration": 1,
          "state": null,
          "speed": null,
          "pass": false,
          "fail": false,
          "pending": false,
          "context": null,
          "code": "done();",
          "err": {},
          "uuid": "413ff5f9-a926-44b3-b28e-9e700dc39485",
          "parentUUID": "f1e6c7bf-261b-41a2-bbc8-4b31ba9e7d1c",
          "isHook": true,
          "skipped": false
        }
      ],
      "tests": [],
      "suites": [
        {
          "uuid": "b0a393a7-1a9d-45fb-bb46-107021ebc3cc",
          "title": "POST /api/mekanlar",
          "fullFile": "C:\\Users\\deniz\\mekanbul\\test.js",
          "file": "\\test.js",
          "beforeHooks": [],
          "afterHooks": [],
          "tests": [
            {
              "title": "Yeni mekan ekle:",
              "fullTitle": "POST /api/mekanlar Yeni mekan ekle:",
              "timedOut": false,
              "duration": 325,
              "state": "passed",
              "speed": "slow",
              "pass": true,
              "fail": false,
              "pending": false,
              "context": null,
              "code": "const response = await request.post(\"/api/mekanlar\").send({\n  ad: \"E9103\",\n  adres: \"SDU Bilgisayar Müh.\",\n  puan: 0,\n  imkanlar: \"kahve,çay,ders\",\n  enlem: 37,\n  boylam: 35,\n  gunler1: \"Pazratesi-Cuma\",\n  acilis1: \"9:00\",\n  kapanis1: \"17:00\",\n  kapali1: false,\n  gunler2: \"Cumartesi-Pazar\",\n  acilis2: \"11:00\",\n  kapanis2: \"18:00\",\n  kapali2: true,\n});\nexpect(response.status).to.eql(201);\nprocess.env.mekanid = response.body._id;",
              "err": {},
              "uuid": "59f12490-2b20-4e3d-9c86-699385e15ecf",
              "parentUUID": "b0a393a7-1a9d-45fb-bb46-107021ebc3cc",
              "isHook": false,
              "skipped": false
            }
          ],
          "suites": [],
          "passes": [
            "59f12490-2b20-4e3d-9c86-699385e15ecf"
          ],
          "failures": [],
          "pending": [],
          "skipped": [],
          "duration": 325,
          "root": false,
          "rootEmpty": false,
          "_timeout": 10000
        },
        {
          "uuid": "d06de5ca-20da-4c1f-a947-90887b9be943",
          "title": "GET /api/mekanlar",
          "fullFile": "C:\\Users\\deniz\\mekanbul\\test.js",
          "file": "\\test.js",
          "beforeHooks": [],
          "afterHooks": [],
          "tests": [
            {
              "title": "Girilen konum civarındaki tüm mekanları listele:",
              "fullTitle": "GET /api/mekanlar Girilen konum civarındaki tüm mekanları listele:",
              "timedOut": false,
              "duration": 98,
              "state": "passed",
              "speed": "slow",
              "pass": true,
              "fail": false,
              "pending": false,
              "context": null,
              "code": "const response = await request.get(\"/api/mekanlar?enlem=37&boylam=35\");\nexpect(response.status).to.eql(200);",
              "err": {},
              "uuid": "d3475033-703a-4fdc-8649-c7554b83918e",
              "parentUUID": "d06de5ca-20da-4c1f-a947-90887b9be943",
              "isHook": false,
              "skipped": false
            }
          ],
          "suites": [],
          "passes": [
            "d3475033-703a-4fdc-8649-c7554b83918e"
          ],
          "failures": [],
          "pending": [],
          "skipped": [],
          "duration": 98,
          "root": false,
          "rootEmpty": false,
          "_timeout": 10000
        },
        {
          "uuid": "59233b55-7113-4ea9-9052-3df20cccc5e9",
          "title": "GET /api/mekanlar/:mekanid",
          "fullFile": "C:\\Users\\deniz\\mekanbul\\test.js",
          "file": "\\test.js",
          "beforeHooks": [],
          "afterHooks": [],
          "tests": [
            {
              "title": "Mekan getir:",
              "fullTitle": "GET /api/mekanlar/:mekanid Mekan getir:",
              "timedOut": false,
              "duration": 77,
              "state": "passed",
              "speed": "slow",
              "pass": true,
              "fail": false,
              "pending": false,
              "context": null,
              "code": "const response = await request.get(`/api/mekanlar/${process.env.mekanid}`);\nexpect(response.status).to.eql(200);",
              "err": {},
              "uuid": "36f821c9-92b3-4f9d-8651-97c5cd1d9551",
              "parentUUID": "59233b55-7113-4ea9-9052-3df20cccc5e9",
              "isHook": false,
              "skipped": false
            }
          ],
          "suites": [],
          "passes": [
            "36f821c9-92b3-4f9d-8651-97c5cd1d9551"
          ],
          "failures": [],
          "pending": [],
          "skipped": [],
          "duration": 77,
          "root": false,
          "rootEmpty": false,
          "_timeout": 10000
        },
        {
          "uuid": "c7a477cd-c884-4bfa-a1c2-2be05a06de7e",
          "title": "PUT /api/mekanlar/:mekanid",
          "fullFile": "C:\\Users\\deniz\\mekanbul\\test.js",
          "file": "\\test.js",
          "beforeHooks": [],
          "afterHooks": [],
          "tests": [
            {
              "title": "Mekan Güncelle:",
              "fullTitle": "PUT /api/mekanlar/:mekanid Mekan Güncelle:",
              "timedOut": false,
              "duration": 116,
              "state": "passed",
              "speed": "slow",
              "pass": true,
              "fail": false,
              "pending": false,
              "context": null,
              "code": "const response = await request\n  .put(`/api/mekanlar/${process.env.mekanid}`)\n  .send({\n    ad: \"Gloria Jeans 2\",\n    adres: \"SDU Batı Kampüsü\",\n    puan: 3,\n    imkanlar: \"Kahve,Çay,Kek\",\n    enlem: 38,\n    boylam: 34,\n    gunler1: \"pazartesi-cuma\",\n    acilis1: \"8:10\",\n    kapanis1: \"23:10\",\n    kapali1: true,\n    gunler2: \"cumartesi\",\n    acilis2: \"10:30\",\n    kapanis2: \"17:30\",\n    kapali2: false,\n  });\nexpect(response.status).to.eql(200);",
              "err": {},
              "uuid": "b837877f-2f3d-4f49-b9d6-cfce1b8d010f",
              "parentUUID": "c7a477cd-c884-4bfa-a1c2-2be05a06de7e",
              "isHook": false,
              "skipped": false
            }
          ],
          "suites": [],
          "passes": [
            "b837877f-2f3d-4f49-b9d6-cfce1b8d010f"
          ],
          "failures": [],
          "pending": [],
          "skipped": [],
          "duration": 116,
          "root": false,
          "rootEmpty": false,
          "_timeout": 10000
        },
        {
          "uuid": "30eba6c1-e026-414b-9d3d-cdd0e781cd9b",
          "title": "POST /api/mekanlar/:mekanid/yorumlar",
          "fullFile": "C:\\Users\\deniz\\mekanbul\\test.js",
          "file": "\\test.js",
          "beforeHooks": [],
          "afterHooks": [],
          "tests": [
            {
              "title": "Yorum ekle:",
              "fullTitle": "POST /api/mekanlar/:mekanid/yorumlar Yorum ekle:",
              "timedOut": false,
              "duration": 71,
              "state": "passed",
              "speed": "medium",
              "pass": true,
              "fail": false,
              "pending": false,
              "context": null,
              "code": "const response = await request\n  .post(`/api/mekanlar/${process.env.mekanid}/yorumlar`)\n  .send({\n    yorumYapan: \"DO\",\n    puan: 1,\n    yorumMetni: \"Kahveler berbat!\",\n  });\nprocess.env.yorumid = response.body._id;\nexpect(response.status).to.eql(201);",
              "err": {},
              "uuid": "163a880a-0925-48aa-8e58-842c65f28658",
              "parentUUID": "30eba6c1-e026-414b-9d3d-cdd0e781cd9b",
              "isHook": false,
              "skipped": false
            }
          ],
          "suites": [],
          "passes": [
            "163a880a-0925-48aa-8e58-842c65f28658"
          ],
          "failures": [],
          "pending": [],
          "skipped": [],
          "duration": 71,
          "root": false,
          "rootEmpty": false,
          "_timeout": 10000
        },
        {
          "uuid": "a051c034-5142-4e89-8098-2d2e690b0e04",
          "title": "GET /api/mekanlar/:mekanid/yorumlar/:yorumid",
          "fullFile": "C:\\Users\\deniz\\mekanbul\\test.js",
          "file": "\\test.js",
          "beforeHooks": [],
          "afterHooks": [],
          "tests": [
            {
              "title": "Yorum getir:",
              "fullTitle": "GET /api/mekanlar/:mekanid/yorumlar/:yorumid Yorum getir:",
              "timedOut": false,
              "duration": 79,
              "state": "passed",
              "speed": "slow",
              "pass": true,
              "fail": false,
              "pending": false,
              "context": null,
              "code": "const response = await request.get(\n  `/api/mekanlar/${process.env.mekanid}/yorumlar/${process.env.yorumid}`\n);\nexpect(response.status).to.eql(200);",
              "err": {},
              "uuid": "b7a5e235-9295-44d1-b451-06965b764304",
              "parentUUID": "a051c034-5142-4e89-8098-2d2e690b0e04",
              "isHook": false,
              "skipped": false
            }
          ],
          "suites": [],
          "passes": [
            "b7a5e235-9295-44d1-b451-06965b764304"
          ],
          "failures": [],
          "pending": [],
          "skipped": [],
          "duration": 79,
          "root": false,
          "rootEmpty": false,
          "_timeout": 10000
        },
        {
          "uuid": "5966c4cb-182d-4cc2-bebe-b7f2de3e9ffd",
          "title": "PUT /api/mekanlar/:mekanid/yorumlar/:yorumid",
          "fullFile": "C:\\Users\\deniz\\mekanbul\\test.js",
          "file": "\\test.js",
          "beforeHooks": [],
          "afterHooks": [],
          "tests": [
            {
              "title": "Yorum güncelle:",
              "fullTitle": "PUT /api/mekanlar/:mekanid/yorumlar/:yorumid Yorum güncelle:",
              "timedOut": false,
              "duration": 57,
              "state": "passed",
              "speed": "medium",
              "pass": true,
              "fail": false,
              "pending": false,
              "context": null,
              "code": "const response = await request\n  .put(\n    `/api/mekanlar/${process.env.mekanid}/yorumlar/${process.env.yorumid}`\n  )\n  .send({\n    yorumYapan: \"Mehmet\",\n    puan: 2,\n    yorumMetni: \"Kahveler kötü\",\n  });\nexpect(response.status).to.eql(200);",
              "err": {},
              "uuid": "83f74d61-ea21-4b9a-bd79-89311482c11f",
              "parentUUID": "5966c4cb-182d-4cc2-bebe-b7f2de3e9ffd",
              "isHook": false,
              "skipped": false
            }
          ],
          "suites": [],
          "passes": [
            "83f74d61-ea21-4b9a-bd79-89311482c11f"
          ],
          "failures": [],
          "pending": [],
          "skipped": [],
          "duration": 57,
          "root": false,
          "rootEmpty": false,
          "_timeout": 10000
        },
        {
          "uuid": "627e76d3-f4f0-41e9-bdbf-b7e8e16fadc7",
          "title": "DELETE /api/mekanlar/:mekanid/yorumlar/:yorumid",
          "fullFile": "C:\\Users\\deniz\\mekanbul\\test.js",
          "file": "\\test.js",
          "beforeHooks": [],
          "afterHooks": [],
          "tests": [
            {
              "title": "Yorum sil:",
              "fullTitle": "DELETE /api/mekanlar/:mekanid/yorumlar/:yorumid Yorum sil:",
              "timedOut": false,
              "duration": 62,
              "state": "passed",
              "speed": "medium",
              "pass": true,
              "fail": false,
              "pending": false,
              "context": null,
              "code": "const response = await request.delete(\n  `/api/mekanlar/${process.env.mekanid}/yorumlar/${process.env.yorumid}`\n);\nexpect(response.status).to.eql(200);",
              "err": {},
              "uuid": "b12dd9ce-2fc3-4630-8b97-12332bb4dc38",
              "parentUUID": "627e76d3-f4f0-41e9-bdbf-b7e8e16fadc7",
              "isHook": false,
              "skipped": false
            }
          ],
          "suites": [],
          "passes": [
            "b12dd9ce-2fc3-4630-8b97-12332bb4dc38"
          ],
          "failures": [],
          "pending": [],
          "skipped": [],
          "duration": 62,
          "root": false,
          "rootEmpty": false,
          "_timeout": 10000
        },
        {
          "uuid": "62221f1c-3ed9-4593-bccd-dbbef54cf096",
          "title": "DELETE /api/mekanlar/:mekanid",
          "fullFile": "C:\\Users\\deniz\\mekanbul\\test.js",
          "file": "\\test.js",
          "beforeHooks": [],
          "afterHooks": [],
          "tests": [
            {
              "title": "Mekan sil:",
              "fullTitle": "DELETE /api/mekanlar/:mekanid Mekan sil:",
              "timedOut": false,
              "duration": 58,
              "state": "passed",
              "speed": "medium",
              "pass": true,
              "fail": false,
              "pending": false,
              "context": null,
              "code": "const response = await request.delete(\n  `/api/mekanlar/${process.env.mekanid}`\n);\nexpect(response.status).to.eql(200);",
              "err": {},
              "uuid": "ef2c5d18-88fc-4d61-b479-52cfc7cf62c7",
              "parentUUID": "62221f1c-3ed9-4593-bccd-dbbef54cf096",
              "isHook": false,
              "skipped": false
            }
          ],
          "suites": [],
          "passes": [
            "ef2c5d18-88fc-4d61-b479-52cfc7cf62c7"
          ],
          "failures": [],
          "pending": [],
          "skipped": [],
          "duration": 58,
          "root": false,
          "rootEmpty": false,
          "_timeout": 10000
        }
      ],
      "passes": [],
      "failures": [],
      "pending": [],
      "skipped": [],
      "duration": 0,
      "root": true,
      "rootEmpty": true,
      "_timeout": 10000
    }
  ],
  "meta": {
    "mocha": {
      "version": "10.1.0"
    },
    "mochawesome": {
      "options": {
        "quiet": false,
        "reportFilename": "mochawesome",
        "saveHtml": true,
        "saveJson": true,
        "consoleReporter": "spec",
        "useInlineDiffs": false,
        "code": true
      },
      "version": "7.1.3"
    },
    "marge": {
      "options": null,
      "version": "6.2.0"
    }
  }
}